<?xml version="1.0" encoding="UTF-8"?>
<!-- Generated by org.testng.reporters.JUnitReportReporter -->
<testsuite hostname="DESKTOP-0M104V6" failures="0" tests="1" name="com.nopcommerce.tests.Registration_test" time="77.020" errors="0" timestamp="2023-02-02T09:46:41 IST" skipped="0">
  <testcase classname="com.nopcommerce.tests.Registration_test" name="verifyregistration" time="77.020"/>
  <system-out/>
</testsuite> <!-- com.nopcommerce.tests.Registration_test -->
